<?xml version="1.0" encoding="UTF-8"?>
<testng-results skipped="0" failed="0" ignored="0" total="1" passed="1">
  <reporter-output>
  </reporter-output>
  <suite name="Default suite" duration-ms="6349" started-at="2021-04-24T01:40:12 CDT" finished-at="2021-04-24T01:40:19 CDT">
    <groups>
    </groups>
    <test name="Default test" duration-ms="6349" started-at="2021-04-24T01:40:12 CDT" finished-at="2021-04-24T01:40:19 CDT">
      <class name="com.xPath.XpathRegular">
        <test-method status="PASS" signature="openBrowser()[pri:0, instance:com.xPath.XpathRegular@3224f60b]" name="openBrowser" is-config="true" duration-ms="6037" started-at="2021-04-24T01:40:12 CDT" finished-at="2021-04-24T01:40:18 CDT">
          <reporter-output>
          </reporter-output>
        </test-method> <!-- openBrowser -->
        <test-method status="PASS" signature="regularXpath()[pri:0, instance:com.xPath.XpathRegular@3224f60b]" name="regularXpath" duration-ms="208" started-at="2021-04-24T01:40:18 CDT" finished-at="2021-04-24T01:40:19 CDT">
          <reporter-output>
          </reporter-output>
        </test-method> <!-- regularXpath -->
      </class> <!-- com.xPath.XpathRegular -->
    </test> <!-- Default test -->
  </suite> <!-- Default suite -->
</testng-results>
